<?xml version="1.0" encoding="UTF-8"?>
<testng-results ignored="0" total="1" passed="1" failed="0" skipped="0">
  <reporter-output>
  </reporter-output>
  <suite started-at="2026-07-19T08:17:11 IST" name="Default suite" finished-at="2026-07-19T08:17:18 IST" duration-ms="7229">
    <groups>
    </groups>
    <test started-at="2026-07-19T08:17:11 IST" name="Default test" finished-at="2026-07-19T08:17:18 IST" duration-ms="7229">
      <class name="com.ashutosh.ai.tests.smoke.GoogleTest">
        <test-method is-config="true" signature="setUp()[pri:0, instance:com.ashutosh.ai.tests.smoke.GoogleTest@41005828]" started-at="2026-07-19T08:17:11 IST" name="setUp" finished-at="2026-07-19T08:17:17 IST" duration-ms="5817" status="PASS">
          <reporter-output>
          </reporter-output>
        </test-method> <!-- setUp -->
        <test-method signature="verifyGoogleTitle()[pri:0, instance:com.ashutosh.ai.tests.smoke.GoogleTest@41005828]" started-at="2026-07-19T08:17:17 IST" name="verifyGoogleTitle" finished-at="2026-07-19T08:17:18 IST" duration-ms="1155" status="PASS">
          <reporter-output>
          </reporter-output>
        </test-method> <!-- verifyGoogleTitle -->
        <test-method is-config="true" signature="tearDown()[pri:0, instance:com.ashutosh.ai.tests.smoke.GoogleTest@41005828]" started-at="2026-07-19T08:17:18 IST" name="tearDown" finished-at="2026-07-19T08:17:18 IST" duration-ms="201" status="PASS">
          <reporter-output>
          </reporter-output>
        </test-method> <!-- tearDown -->
      </class> <!-- com.ashutosh.ai.tests.smoke.GoogleTest -->
    </test> <!-- Default test -->
  </suite> <!-- Default suite -->
</testng-results>
